2024-04-09 10:24:08,188 - distributed.nanny - INFO -         Start Nanny at: 'tcp://172.16.3.55:34443'
2024-04-09 10:24:08,941 - distributed.diskutils - INFO - Found stale lock file and directory '/tmp/dask-worker-space/worker-nhee983b', purging
2024-04-09 10:24:08,941 - distributed.diskutils - ERROR - Failed to remove '/tmp/dask-worker-space/worker-nhee983b' (failed in <built-in function open>): [Errno 13] Permission denied: '/tmp/dask-worker-space/worker-nhee983b'
2024-04-09 10:24:08,941 - distributed.diskutils - INFO - Found stale lock file and directory '/tmp/dask-worker-space/worker-ijq6zb3s', purging
2024-04-09 10:24:08,941 - distributed.diskutils - ERROR - Failed to remove '/tmp/dask-worker-space/worker-ijq6zb3s' (failed in <built-in function open>): [Errno 13] Permission denied: '/tmp/dask-worker-space/worker-ijq6zb3s'
2024-04-09 10:24:08,941 - distributed.diskutils - INFO - Found stale lock file and directory '/tmp/dask-worker-space/worker-9qv9a4ah', purging
2024-04-09 10:24:08,941 - distributed.diskutils - ERROR - Failed to remove '/tmp/dask-worker-space/worker-9qv9a4ah' (failed in <built-in function open>): [Errno 13] Permission denied: '/tmp/dask-worker-space/worker-9qv9a4ah'
2024-04-09 10:24:08,942 - distributed.diskutils - INFO - Found stale lock file and directory '/tmp/dask-worker-space/worker-apalqomy', purging
2024-04-09 10:24:08,942 - distributed.diskutils - ERROR - Failed to remove '/tmp/dask-worker-space/worker-apalqomy' (failed in <built-in function open>): [Errno 13] Permission denied: '/tmp/dask-worker-space/worker-apalqomy'
2024-04-09 10:24:08,942 - distributed.diskutils - INFO - Found stale lock file and directory '/tmp/dask-worker-space/worker-1q87elxv', purging
2024-04-09 10:24:08,942 - distributed.diskutils - ERROR - Failed to remove '/tmp/dask-worker-space/worker-1q87elxv' (failed in <built-in function open>): [Errno 13] Permission denied: '/tmp/dask-worker-space/worker-1q87elxv'
2024-04-09 10:24:08,942 - distributed.diskutils - INFO - Found stale lock file and directory '/tmp/dask-worker-space/worker-kmbee57f', purging
2024-04-09 10:24:08,942 - distributed.diskutils - ERROR - Failed to remove '/tmp/dask-worker-space/worker-kmbee57f' (failed in <built-in function open>): [Errno 13] Permission denied: '/tmp/dask-worker-space/worker-kmbee57f'
2024-04-09 10:24:08,942 - distributed.diskutils - INFO - Found stale lock file and directory '/tmp/dask-worker-space/worker-xh2jic3x', purging
2024-04-09 10:24:08,942 - distributed.diskutils - ERROR - Failed to remove '/tmp/dask-worker-space/worker-xh2jic3x' (failed in <built-in function open>): [Errno 13] Permission denied: '/tmp/dask-worker-space/worker-xh2jic3x'
2024-04-09 10:24:08,942 - distributed.diskutils - INFO - Found stale lock file and directory '/tmp/dask-worker-space/worker-w7s99nfc', purging
2024-04-09 10:24:08,942 - distributed.diskutils - ERROR - Failed to remove '/tmp/dask-worker-space/worker-w7s99nfc' (failed in <built-in function open>): [Errno 13] Permission denied: '/tmp/dask-worker-space/worker-w7s99nfc'
2024-04-09 10:24:08,942 - distributed.diskutils - INFO - Found stale lock file and directory '/tmp/dask-worker-space/worker-6as_yavm', purging
2024-04-09 10:24:08,942 - distributed.diskutils - ERROR - Failed to remove '/tmp/dask-worker-space/worker-6as_yavm' (failed in <built-in function open>): [Errno 13] Permission denied: '/tmp/dask-worker-space/worker-6as_yavm'
2024-04-09 10:24:08,942 - distributed.diskutils - INFO - Found stale lock file and directory '/tmp/dask-worker-space/worker-461af3v8', purging
2024-04-09 10:24:08,942 - distributed.diskutils - ERROR - Failed to remove '/tmp/dask-worker-space/worker-461af3v8' (failed in <built-in function open>): [Errno 13] Permission denied: '/tmp/dask-worker-space/worker-461af3v8'
2024-04-09 10:24:08,942 - distributed.diskutils - INFO - Found stale lock file and directory '/tmp/dask-worker-space/worker-sb2d_yq6', purging
2024-04-09 10:24:08,942 - distributed.diskutils - ERROR - Failed to remove '/tmp/dask-worker-space/worker-sb2d_yq6' (failed in <built-in function open>): [Errno 13] Permission denied: '/tmp/dask-worker-space/worker-sb2d_yq6'
2024-04-09 10:24:08,942 - distributed.diskutils - INFO - Found stale lock file and directory '/tmp/dask-worker-space/worker-vd90qh0t', purging
2024-04-09 10:24:08,942 - distributed.diskutils - ERROR - Failed to remove '/tmp/dask-worker-space/worker-vd90qh0t' (failed in <built-in function open>): [Errno 13] Permission denied: '/tmp/dask-worker-space/worker-vd90qh0t'
2024-04-09 10:24:08,942 - distributed.diskutils - INFO - Found stale lock file and directory '/tmp/dask-worker-space/worker-6o_bl12l', purging
2024-04-09 10:24:08,942 - distributed.diskutils - ERROR - Failed to remove '/tmp/dask-worker-space/worker-6o_bl12l' (failed in <built-in function open>): [Errno 13] Permission denied: '/tmp/dask-worker-space/worker-6o_bl12l'
2024-04-09 10:24:08,942 - distributed.diskutils - INFO - Found stale lock file and directory '/tmp/dask-worker-space/worker-d4u9gzeh', purging
2024-04-09 10:24:08,942 - distributed.diskutils - ERROR - Failed to remove '/tmp/dask-worker-space/worker-d4u9gzeh' (failed in <built-in function open>): [Errno 13] Permission denied: '/tmp/dask-worker-space/worker-d4u9gzeh'
2024-04-09 10:24:08,943 - distributed.diskutils - INFO - Found stale lock file and directory '/tmp/dask-worker-space/worker-5lslzygd', purging
2024-04-09 10:24:08,943 - distributed.diskutils - ERROR - Failed to remove '/tmp/dask-worker-space/worker-5lslzygd' (failed in <built-in function open>): [Errno 13] Permission denied: '/tmp/dask-worker-space/worker-5lslzygd'
2024-04-09 10:24:08,943 - distributed.diskutils - INFO - Found stale lock file and directory '/tmp/dask-worker-space/worker-yn7ez7ig', purging
2024-04-09 10:24:08,943 - distributed.diskutils - ERROR - Failed to remove '/tmp/dask-worker-space/worker-yn7ez7ig' (failed in <built-in function open>): [Errno 13] Permission denied: '/tmp/dask-worker-space/worker-yn7ez7ig'
2024-04-09 10:24:08,943 - distributed.diskutils - INFO - Found stale lock file and directory '/tmp/dask-worker-space/worker-1ej5ii0x', purging
2024-04-09 10:24:08,943 - distributed.diskutils - ERROR - Failed to remove '/tmp/dask-worker-space/worker-1ej5ii0x' (failed in <built-in function open>): [Errno 13] Permission denied: '/tmp/dask-worker-space/worker-1ej5ii0x'
2024-04-09 10:24:08,943 - distributed.diskutils - INFO - Found stale lock file and directory '/tmp/dask-worker-space/worker-mvirzlcr', purging
2024-04-09 10:24:08,943 - distributed.diskutils - ERROR - Failed to remove '/tmp/dask-worker-space/worker-mvirzlcr' (failed in <built-in function open>): [Errno 13] Permission denied: '/tmp/dask-worker-space/worker-mvirzlcr'
2024-04-09 10:24:08,943 - distributed.diskutils - INFO - Found stale lock file and directory '/tmp/dask-worker-space/worker-h8vcrhx_', purging
2024-04-09 10:24:08,943 - distributed.diskutils - ERROR - Failed to remove '/tmp/dask-worker-space/worker-h8vcrhx_' (failed in <built-in function open>): [Errno 13] Permission denied: '/tmp/dask-worker-space/worker-h8vcrhx_'
2024-04-09 10:24:08,943 - distributed.diskutils - INFO - Found stale lock file and directory '/tmp/dask-worker-space/worker-lwy615yw', purging
2024-04-09 10:24:08,943 - distributed.diskutils - ERROR - Failed to remove '/tmp/dask-worker-space/worker-lwy615yw' (failed in <built-in function open>): [Errno 13] Permission denied: '/tmp/dask-worker-space/worker-lwy615yw'
2024-04-09 10:24:08,943 - distributed.diskutils - INFO - Found stale lock file and directory '/tmp/dask-worker-space/worker-2bedy_af', purging
2024-04-09 10:24:08,943 - distributed.diskutils - ERROR - Failed to remove '/tmp/dask-worker-space/worker-2bedy_af' (failed in <built-in function open>): [Errno 13] Permission denied: '/tmp/dask-worker-space/worker-2bedy_af'
2024-04-09 10:24:08,943 - distributed.diskutils - INFO - Found stale lock file and directory '/tmp/dask-worker-space/worker-sq9oey99', purging
2024-04-09 10:24:08,943 - distributed.diskutils - ERROR - Failed to remove '/tmp/dask-worker-space/worker-sq9oey99' (failed in <built-in function open>): [Errno 13] Permission denied: '/tmp/dask-worker-space/worker-sq9oey99'
2024-04-09 10:24:08,943 - distributed.diskutils - INFO - Found stale lock file and directory '/tmp/dask-worker-space/worker-93v96zf8', purging
2024-04-09 10:24:08,943 - distributed.diskutils - ERROR - Failed to remove '/tmp/dask-worker-space/worker-93v96zf8' (failed in <built-in function open>): [Errno 13] Permission denied: '/tmp/dask-worker-space/worker-93v96zf8'
2024-04-09 10:24:08,943 - distributed.diskutils - INFO - Found stale lock file and directory '/tmp/dask-worker-space/worker-cqjuuih6', purging
2024-04-09 10:24:08,943 - distributed.diskutils - ERROR - Failed to remove '/tmp/dask-worker-space/worker-cqjuuih6' (failed in <built-in function open>): [Errno 13] Permission denied: '/tmp/dask-worker-space/worker-cqjuuih6'
2024-04-09 10:24:08,943 - distributed.diskutils - INFO - Found stale lock file and directory '/tmp/dask-worker-space/worker-34yqv6fp', purging
2024-04-09 10:24:08,944 - distributed.diskutils - ERROR - Failed to remove '/tmp/dask-worker-space/worker-34yqv6fp' (failed in <built-in function open>): [Errno 13] Permission denied: '/tmp/dask-worker-space/worker-34yqv6fp'
2024-04-09 10:24:08,944 - distributed.diskutils - INFO - Found stale lock file and directory '/tmp/dask-worker-space/worker-eapdb0ja', purging
2024-04-09 10:24:08,944 - distributed.diskutils - ERROR - Failed to remove '/tmp/dask-worker-space/worker-eapdb0ja' (failed in <built-in function open>): [Errno 13] Permission denied: '/tmp/dask-worker-space/worker-eapdb0ja'
2024-04-09 10:24:08,944 - distributed.diskutils - INFO - Found stale lock file and directory '/tmp/dask-worker-space/worker-7007mbuk', purging
2024-04-09 10:24:08,944 - distributed.diskutils - ERROR - Failed to remove '/tmp/dask-worker-space/worker-7007mbuk' (failed in <built-in function open>): [Errno 13] Permission denied: '/tmp/dask-worker-space/worker-7007mbuk'
2024-04-09 10:24:08,944 - distributed.diskutils - INFO - Found stale lock file and directory '/tmp/dask-worker-space/worker-kr773010', purging
2024-04-09 10:24:08,944 - distributed.diskutils - ERROR - Failed to remove '/tmp/dask-worker-space/worker-kr773010' (failed in <built-in function open>): [Errno 13] Permission denied: '/tmp/dask-worker-space/worker-kr773010'
2024-04-09 10:24:08,944 - distributed.diskutils - INFO - Found stale lock file and directory '/tmp/dask-worker-space/worker-81dh0u65', purging
2024-04-09 10:24:08,944 - distributed.diskutils - ERROR - Failed to remove '/tmp/dask-worker-space/worker-81dh0u65' (failed in <built-in function open>): [Errno 13] Permission denied: '/tmp/dask-worker-space/worker-81dh0u65'
2024-04-09 10:24:08,944 - distributed.diskutils - INFO - Found stale lock file and directory '/tmp/dask-worker-space/worker-9zhz6n5f', purging
2024-04-09 10:24:08,944 - distributed.diskutils - ERROR - Failed to remove '/tmp/dask-worker-space/worker-9zhz6n5f' (failed in <built-in function open>): [Errno 13] Permission denied: '/tmp/dask-worker-space/worker-9zhz6n5f'
2024-04-09 10:24:08,944 - distributed.diskutils - INFO - Found stale lock file and directory '/tmp/dask-worker-space/worker-nmx_pmih', purging
2024-04-09 10:24:08,944 - distributed.diskutils - ERROR - Failed to remove '/tmp/dask-worker-space/worker-nmx_pmih' (failed in <built-in function open>): [Errno 13] Permission denied: '/tmp/dask-worker-space/worker-nmx_pmih'
2024-04-09 10:24:08,944 - distributed.diskutils - INFO - Found stale lock file and directory '/tmp/dask-worker-space/worker-nn7wyolq', purging
2024-04-09 10:24:08,944 - distributed.diskutils - ERROR - Failed to remove '/tmp/dask-worker-space/worker-nn7wyolq' (failed in <built-in function open>): [Errno 13] Permission denied: '/tmp/dask-worker-space/worker-nn7wyolq'
2024-04-09 10:24:08,944 - distributed.diskutils - INFO - Found stale lock file and directory '/tmp/dask-worker-space/worker-rozq0_xi', purging
2024-04-09 10:24:08,944 - distributed.diskutils - ERROR - Failed to remove '/tmp/dask-worker-space/worker-rozq0_xi' (failed in <built-in function open>): [Errno 13] Permission denied: '/tmp/dask-worker-space/worker-rozq0_xi'
2024-04-09 10:24:08,944 - distributed.diskutils - INFO - Found stale lock file and directory '/tmp/dask-worker-space/worker-pssywvy_', purging
2024-04-09 10:24:08,944 - distributed.diskutils - ERROR - Failed to remove '/tmp/dask-worker-space/worker-pssywvy_' (failed in <built-in function open>): [Errno 13] Permission denied: '/tmp/dask-worker-space/worker-pssywvy_'
2024-04-09 10:24:08,944 - distributed.diskutils - INFO - Found stale lock file and directory '/tmp/dask-worker-space/worker-re0dld2i', purging
2024-04-09 10:24:08,944 - distributed.diskutils - ERROR - Failed to remove '/tmp/dask-worker-space/worker-re0dld2i' (failed in <built-in function open>): [Errno 13] Permission denied: '/tmp/dask-worker-space/worker-re0dld2i'
2024-04-09 10:24:08,945 - distributed.diskutils - INFO - Found stale lock file and directory '/tmp/dask-worker-space/worker-fx374o4l', purging
2024-04-09 10:24:08,945 - distributed.diskutils - ERROR - Failed to remove '/tmp/dask-worker-space/worker-fx374o4l' (failed in <built-in function open>): [Errno 13] Permission denied: '/tmp/dask-worker-space/worker-fx374o4l'
2024-04-09 10:24:08,945 - distributed.diskutils - INFO - Found stale lock file and directory '/tmp/dask-worker-space/worker-kou9x034', purging
2024-04-09 10:24:08,945 - distributed.diskutils - ERROR - Failed to remove '/tmp/dask-worker-space/worker-kou9x034' (failed in <built-in function open>): [Errno 13] Permission denied: '/tmp/dask-worker-space/worker-kou9x034'
2024-04-09 10:24:08,945 - distributed.diskutils - INFO - Found stale lock file and directory '/tmp/dask-worker-space/worker-ozxu4slx', purging
2024-04-09 10:24:08,945 - distributed.diskutils - ERROR - Failed to remove '/tmp/dask-worker-space/worker-ozxu4slx' (failed in <built-in function open>): [Errno 13] Permission denied: '/tmp/dask-worker-space/worker-ozxu4slx'
2024-04-09 10:24:08,945 - distributed.diskutils - INFO - Found stale lock file and directory '/tmp/dask-worker-space/worker-o_49id78', purging
2024-04-09 10:24:08,945 - distributed.diskutils - ERROR - Failed to remove '/tmp/dask-worker-space/worker-o_49id78' (failed in <built-in function open>): [Errno 13] Permission denied: '/tmp/dask-worker-space/worker-o_49id78'
2024-04-09 10:24:08,945 - distributed.diskutils - INFO - Found stale lock file and directory '/tmp/dask-worker-space/worker-9ftic_a7', purging
2024-04-09 10:24:08,945 - distributed.diskutils - ERROR - Failed to remove '/tmp/dask-worker-space/worker-9ftic_a7' (failed in <built-in function open>): [Errno 13] Permission denied: '/tmp/dask-worker-space/worker-9ftic_a7'
2024-04-09 10:24:08,945 - distributed.diskutils - INFO - Found stale lock file and directory '/tmp/dask-worker-space/worker-r880rcqu', purging
2024-04-09 10:24:08,945 - distributed.diskutils - ERROR - Failed to remove '/tmp/dask-worker-space/worker-r880rcqu' (failed in <built-in function open>): [Errno 13] Permission denied: '/tmp/dask-worker-space/worker-r880rcqu'
2024-04-09 10:24:08,945 - distributed.diskutils - INFO - Found stale lock file and directory '/tmp/dask-worker-space/worker-b7kh8t5t', purging
2024-04-09 10:24:08,945 - distributed.diskutils - ERROR - Failed to remove '/tmp/dask-worker-space/worker-b7kh8t5t' (failed in <built-in function open>): [Errno 13] Permission denied: '/tmp/dask-worker-space/worker-b7kh8t5t'
2024-04-09 10:24:08,945 - distributed.diskutils - INFO - Found stale lock file and directory '/tmp/dask-worker-space/worker-plma5eh6', purging
2024-04-09 10:24:08,945 - distributed.diskutils - ERROR - Failed to remove '/tmp/dask-worker-space/worker-plma5eh6' (failed in <built-in function open>): [Errno 13] Permission denied: '/tmp/dask-worker-space/worker-plma5eh6'
2024-04-09 10:24:08,945 - distributed.diskutils - INFO - Found stale lock file and directory '/tmp/dask-worker-space/worker-gaz34zh8', purging
2024-04-09 10:24:08,945 - distributed.diskutils - ERROR - Failed to remove '/tmp/dask-worker-space/worker-gaz34zh8' (failed in <built-in function open>): [Errno 13] Permission denied: '/tmp/dask-worker-space/worker-gaz34zh8'
2024-04-09 10:24:08,945 - distributed.diskutils - INFO - Found stale lock file and directory '/tmp/dask-worker-space/worker-_o5c6xkv', purging
2024-04-09 10:24:08,945 - distributed.diskutils - ERROR - Failed to remove '/tmp/dask-worker-space/worker-_o5c6xkv' (failed in <built-in function open>): [Errno 13] Permission denied: '/tmp/dask-worker-space/worker-_o5c6xkv'
2024-04-09 10:24:08,945 - distributed.diskutils - INFO - Found stale lock file and directory '/tmp/dask-worker-space/worker-pk5awslk', purging
2024-04-09 10:24:08,945 - distributed.diskutils - ERROR - Failed to remove '/tmp/dask-worker-space/worker-pk5awslk' (failed in <built-in function open>): [Errno 13] Permission denied: '/tmp/dask-worker-space/worker-pk5awslk'
2024-04-09 10:24:08,946 - distributed.diskutils - INFO - Found stale lock file and directory '/tmp/dask-worker-space/worker-vy6fuchh', purging
2024-04-09 10:24:08,946 - distributed.diskutils - ERROR - Failed to remove '/tmp/dask-worker-space/worker-vy6fuchh' (failed in <built-in function open>): [Errno 13] Permission denied: '/tmp/dask-worker-space/worker-vy6fuchh'
2024-04-09 10:24:08,946 - distributed.diskutils - INFO - Found stale lock file and directory '/tmp/dask-worker-space/worker-1heewq6s', purging
2024-04-09 10:24:08,946 - distributed.diskutils - ERROR - Failed to remove '/tmp/dask-worker-space/worker-1heewq6s' (failed in <built-in function open>): [Errno 13] Permission denied: '/tmp/dask-worker-space/worker-1heewq6s'
2024-04-09 10:24:08,946 - distributed.diskutils - INFO - Found stale lock file and directory '/tmp/dask-worker-space/worker-mm8myae1', purging
2024-04-09 10:24:08,946 - distributed.diskutils - ERROR - Failed to remove '/tmp/dask-worker-space/worker-mm8myae1' (failed in <built-in function open>): [Errno 13] Permission denied: '/tmp/dask-worker-space/worker-mm8myae1'
2024-04-09 10:24:08,946 - distributed.diskutils - INFO - Found stale lock file and directory '/tmp/dask-worker-space/worker-g3v_881r', purging
2024-04-09 10:24:08,946 - distributed.diskutils - ERROR - Failed to remove '/tmp/dask-worker-space/worker-g3v_881r' (failed in <built-in function open>): [Errno 13] Permission denied: '/tmp/dask-worker-space/worker-g3v_881r'
2024-04-09 10:24:08,946 - distributed.diskutils - INFO - Found stale lock file and directory '/tmp/dask-worker-space/worker-pqsy19_6', purging
2024-04-09 10:24:08,946 - distributed.diskutils - ERROR - Failed to remove '/tmp/dask-worker-space/worker-pqsy19_6' (failed in <built-in function open>): [Errno 13] Permission denied: '/tmp/dask-worker-space/worker-pqsy19_6'
2024-04-09 10:24:08,946 - distributed.diskutils - INFO - Found stale lock file and directory '/tmp/dask-worker-space/worker-ambf6h9z', purging
2024-04-09 10:24:08,946 - distributed.diskutils - ERROR - Failed to remove '/tmp/dask-worker-space/worker-ambf6h9z' (failed in <built-in function open>): [Errno 13] Permission denied: '/tmp/dask-worker-space/worker-ambf6h9z'
2024-04-09 10:24:08,946 - distributed.diskutils - INFO - Found stale lock file and directory '/tmp/dask-worker-space/worker-wodwadmh', purging
2024-04-09 10:24:08,946 - distributed.diskutils - ERROR - Failed to remove '/tmp/dask-worker-space/worker-wodwadmh' (failed in <built-in function open>): [Errno 13] Permission denied: '/tmp/dask-worker-space/worker-wodwadmh'
2024-04-09 10:24:08,946 - distributed.diskutils - INFO - Found stale lock file and directory '/tmp/dask-worker-space/worker-42be6r0c', purging
2024-04-09 10:24:08,946 - distributed.diskutils - ERROR - Failed to remove '/tmp/dask-worker-space/worker-42be6r0c' (failed in <built-in function open>): [Errno 13] Permission denied: '/tmp/dask-worker-space/worker-42be6r0c'
2024-04-09 10:24:08,946 - distributed.diskutils - INFO - Found stale lock file and directory '/tmp/dask-worker-space/worker-kwzllu01', purging
2024-04-09 10:24:08,946 - distributed.diskutils - ERROR - Failed to remove '/tmp/dask-worker-space/worker-kwzllu01' (failed in <built-in function open>): [Errno 13] Permission denied: '/tmp/dask-worker-space/worker-kwzllu01'
2024-04-09 10:24:08,946 - distributed.diskutils - INFO - Found stale lock file and directory '/tmp/dask-worker-space/worker-xsly3qfu', purging
2024-04-09 10:24:08,946 - distributed.diskutils - ERROR - Failed to remove '/tmp/dask-worker-space/worker-xsly3qfu' (failed in <built-in function open>): [Errno 13] Permission denied: '/tmp/dask-worker-space/worker-xsly3qfu'
2024-04-09 10:24:08,946 - distributed.diskutils - INFO - Found stale lock file and directory '/tmp/dask-worker-space/worker-xwl7s59t', purging
2024-04-09 10:24:08,946 - distributed.diskutils - ERROR - Failed to remove '/tmp/dask-worker-space/worker-xwl7s59t' (failed in <built-in function open>): [Errno 13] Permission denied: '/tmp/dask-worker-space/worker-xwl7s59t'
2024-04-09 10:24:08,947 - distributed.diskutils - INFO - Found stale lock file and directory '/tmp/dask-worker-space/worker-paovj665', purging
2024-04-09 10:24:08,947 - distributed.diskutils - ERROR - Failed to remove '/tmp/dask-worker-space/worker-paovj665' (failed in <built-in function open>): [Errno 13] Permission denied: '/tmp/dask-worker-space/worker-paovj665'
2024-04-09 10:24:12,037 - distributed.worker - INFO -       Start worker at:    tcp://172.16.3.55:39628
2024-04-09 10:24:12,039 - distributed.worker - INFO -          Listening to:    tcp://172.16.3.55:39628
2024-04-09 10:24:12,039 - distributed.worker - INFO -           Worker name:             SLURMCluster-1
2024-04-09 10:24:12,039 - distributed.worker - INFO -          dashboard at:          172.16.3.55:35338
2024-04-09 10:24:12,040 - distributed.worker - INFO - Waiting to connect to:    tcp://172.16.3.66:38592
2024-04-09 10:24:12,040 - distributed.worker - INFO - -------------------------------------------------
2024-04-09 10:24:12,040 - distributed.worker - INFO -               Threads:                         36
2024-04-09 10:24:12,040 - distributed.worker - INFO -                Memory:                 139.70 GiB
2024-04-09 10:24:12,040 - distributed.worker - INFO -       Local Directory: /tmp/dask-worker-space/worker-tdo0r728
2024-04-09 10:24:12,040 - distributed.worker - INFO - -------------------------------------------------
2024-04-09 10:24:12,055 - distributed.worker - INFO -         Registered to:    tcp://172.16.3.66:38592
2024-04-09 10:24:12,055 - distributed.worker - INFO - -------------------------------------------------
2024-04-09 10:24:12,056 - distributed.core - INFO - Starting established connection to tcp://172.16.3.66:38592
slurmstepd: error: *** JOB 390491 ON pn005 CANCELLED AT 2024-04-09T12:24:31 DUE TO TIME LIMIT ***
